<?xml version="1.0" encoding="UTF-8"?>
<!-- Generated by org.testng.reporters.JUnitXMLReporter -->
<testsuite hostname="premalathas-Air.lan" failures="1" tests="1" name="Default test(failed)" time="165.645" errors="0" timestamp="17 Dec 2018 11:51:36 GMT">
  <testcase classname="io.maestrano.marlin.test.MarketplaceTest" name="doLogin" time="164.213">
    <failure type="java.lang.AssertionError" message="Login Failed">
      <![CDATA[java.lang.AssertionError: Login Failed
	at io.maestrano.marlin.test.MarketplaceTest.doLogin(MarketplaceTest.java:36)
... Removed 25 stack frames]]>
    </failure>
  </testcase> <!-- doLogin -->
</testsuite> <!-- Default test(failed) -->
