<?xml version="1.0" encoding="UTF-8"?>
<!-- Generated by org.testng.reporters.JUnitXMLReporter -->
<testsuite hostname="premalathas-Air.lan" name="Test" tests="6" failures="1" timestamp="28 Jan 2019 13:32:13 GMT" time="0.593" errors="0">
  <testcase name="@AfterMethod quit" time="0.0" classname="io.maestrano.marlin.test.LoginTest">
    <failure type="java.lang.NullPointerException">
      <![CDATA[java.lang.NullPointerException
	at io.maestrano.marlin.test.base.BaseTest.takeScreenShot(BaseTest.java:73)
	at io.maestrano.marlin.test.base.BaseTest.reportFailure(BaseTest.java:61)
	at io.maestrano.marlin.test.base.BaseTest.quit(BaseTest.java:91)
... Removed 26 stack frames]]>
    </failure>
  </testcase> <!-- @AfterMethod quit -->
  <testcase name="@AfterMethod quit" time="0.0" classname="io.maestrano.marlin.test.AddModuleTest">
    <skipped/>
  </testcase> <!-- @AfterMethod quit -->
  <testcase name="@AfterMethod quit" time="0.0" classname="io.maestrano.marlin.test.DeleteDashboardTest">
    <skipped/>
  </testcase> <!-- @AfterMethod quit -->
  <testcase name="@AfterMethod quit" time="0.0" classname="io.maestrano.marlin.test.SettingsTest">
    <skipped/>
  </testcase> <!-- @AfterMethod quit -->
  <testcase name="@AfterMethod quit" time="0.0" classname="io.maestrano.marlin.test.NewUserRedirectionTest">
    <skipped/>
  </testcase> <!-- @AfterMethod quit -->
  <testcase name="@AfterMethod quit" time="0.0" classname="io.maestrano.marlin.test.MarketplaceTest">
    <skipped/>
  </testcase> <!-- @AfterMethod quit -->
  <testcase name="doLogin" time="0.44" classname="io.maestrano.marlin.test.LoginTest">
    <failure type="java.lang.NullPointerException">
      <![CDATA[java.lang.NullPointerException
	at io.maestrano.marlin.test.LoginTest.doLogin(LoginTest.java:29)
... Removed 24 stack frames]]>
    </failure>
  </testcase> <!-- doLogin -->
  <testcase name="doLogin" time="0.002" classname="io.maestrano.marlin.test.AddModuleTest">
    <skipped/>
  </testcase> <!-- doLogin -->
  <testcase name="doLogin" time="0.002" classname="io.maestrano.marlin.test.DeleteDashboardTest">
    <skipped/>
  </testcase> <!-- doLogin -->
  <testcase name="settingsTest" time="0.002" classname="io.maestrano.marlin.test.SettingsTest">
    <skipped/>
  </testcase> <!-- settingsTest -->
  <testcase name="doLogin" time="0.002" classname="io.maestrano.marlin.test.NewUserRedirectionTest">
    <skipped/>
  </testcase> <!-- doLogin -->
  <testcase name="doLogin" time="0.004" classname="io.maestrano.marlin.test.MarketplaceTest">
    <skipped/>
  </testcase> <!-- doLogin -->
</testsuite> <!-- Test -->
